# JRE version: OpenJDK Runtime Environment Temurin-21.0.11+10 (21.0.11+10) (build 21.0.11+10-LTS)
# Java VM: OpenJDK 64-Bit Server VM Temurin-21.0.11+10 (21.0.11+10-LTS, mixed mode, sharing, tiered, compressed oops, compressed class ptrs, parallel gc, windows-amd64)
GC Precious Log:
 CardTable entry size: 512
 CPUs: 12 total, 12 available
 Memory: 7876M
 Large Page Support: Disabled
 NUMA Support: Disabled
 Compressed Oops: Enabled (32-bit)
 Alignments: Space 512K, Generation 512K, Heap 2M
 Heap Min Capacity: 100M
 Heap Initial Capacity: 100M
 Heap Max Capacity: 2G
 Pre-touch: Disabled
 Parallel Workers: 10
Heap:
 PSYoungGen      total 8192K, used 1965K [0x00000000d5580000, 0x00000000d5e80000, 0x0000000100000000)
  eden space 7680K, 21% used [0x00000000d5580000,0x00000000d57234c8,0x00000000d5d00000)
  from space 512K, 56% used [0x00000000d5d00000,0x00000000d5d48000,0x00000000d5d80000)
  to   space 512K, 0% used [0x00000000d5e00000,0x00000000d5e00000,0x00000000d5e80000)
 ParOldGen       total 1111040K, used 860385K [0x0000000080000000, 0x00000000c3d00000, 0x00000000d5580000)
  object space 1111040K, 77% used [0x0000000080000000,0x00000000b4838680,0x00000000c3d00000)
 Metaspace       used 101828K, committed 103744K, reserved 1179648K
  class space    used 10245K, committed 11136K, reserved 1048576K
GC Heap History (20 events):
Event: 47913.327 GC heap before
{Heap before GC invocations=4986 (full 6):
 PSYoungGen      total 4608K, used 3592K [0x00000000d5580000, 0x00000000d5e80000, 0x0000000100000000)
  eden space 2560K, 72% used [0x00000000d5580000,0x00000000d5750150,0x00000000d5800000)
  from space 2048K, 84% used [0x00000000d5800000,0x00000000d59b1f78,0x00000000d5a00000)
  to   space 3072K, 0% used [0x00000000d5b80000,0x00000000d5b80000,0x00000000d5e80000)
 ParOldGen       total 1111040K, used 856210K [0x0000000080000000, 0x00000000c3d00000, 0x00000000d5580000)
  object space 1111040K, 77% used [0x0000000080000000,0x00000000b4424b48,0x00000000c3d00000)
 Metaspace       used 101798K, committed 103680K, reserved 1179648K
  class space    used 10245K, committed 11136K, reserved 1048576K
}
Event: 47913.338 GC heap after
{Heap after GC invocations=4986 (full 6):
 PSYoungGen      total 3584K, used 224K [0x00000000d5580000, 0x00000000d5c00000, 0x0000000100000000)
  eden space 3072K, 0% used [0x00000000d5580000,0x00000000d5580000,0x00000000d5880000)
  from space 512K, 43% used [0x00000000d5b80000,0x00000000d5bb8000,0x00000000d5c00000)
  to   space 1024K, 0% used [0x00000000d5a00000,0x00000000d5a00000,0x00000000d5b00000)
 ParOldGen       total 1111040K, used 856946K [0x0000000080000000, 0x00000000c3d00000, 0x00000000d5580000)
  object space 1111040K, 77% used [0x0000000080000000,0x00000000b44dcb68,0x00000000c3d00000)
 Metaspace       used 101798K, committed 103680K, reserved 1179648K
  class space    used 10245K, committed 11136K, reserved 1048576K
}
Event: 47913.358 GC heap before
{Heap before GC invocations=4987 (full 6):
 PSYoungGen      total 3584K, used 3128K [0x00000000d5580000, 0x00000000d5c00000, 0x0000000100000000)
  eden space 3072K, 94% used [0x00000000d5580000,0x00000000d5856250,0x00000000d5880000)
  from space 512K, 43% used [0x00000000d5b80000,0x00000000d5bb8000,0x00000000d5c00000)
  to   space 1024K, 0% used [0x00000000d5a00000,0x00000000d5a00000,0x00000000d5b00000)
 ParOldGen       total 1111040K, used 856946K [0x0000000080000000, 0x00000000c3d00000, 0x00000000d5580000)
  object space 1111040K, 77% used [0x0000000080000000,0x00000000b44dcb68,0x00000000c3d00000)
 Metaspace       used 101798K, committed 103680K, reserved 1179648K
  class space    used 10245K, committed 11136K, reserved 1048576K
}
Event: 47913.371 GC heap after
{Heap after GC invocations=4987 (full 6):
 PSYoungGen      total 5120K, used 256K [0x00000000d5580000, 0x00000000d5c00000, 0x0000000100000000)
  eden space 4096K, 0% used [0x00000000d5580000,0x00000000d5580000,0x00000000d5980000)
  from space 1024K, 25% used [0x00000000d5a00000,0x00000000d5a40000,0x00000000d5b00000)
  to   space 512K, 0% used [0x00000000d5b80000,0x00000000d5b80000,0x00000000d5c00000)
 ParOldGen       total 1111040K, used 857034K [0x0000000080000000, 0x00000000c3d00000, 0x00000000d5580000)
  object space 1111040K, 77% used [0x0000000080000000,0x00000000b44f2b68,0x00000000c3d00000)
 Metaspace       used 101798K, committed 103680K, reserved 1179648K
  class space    used 10245K, committed 11136K, reserved 1048576K
}
Event: 47913.402 GC heap before
{Heap before GC invocations=4988 (full 6):
 PSYoungGen      total 5120K, used 4277K [0x00000000d5580000, 0x00000000d5c00000, 0x0000000100000000)
  eden space 4096K, 98% used [0x00000000d5580000,0x00000000d596d650,0x00000000d5980000)
  from space 1024K, 25% used [0x00000000d5a00000,0x00000000d5a40000,0x00000000d5b00000)
  to   space 512K, 0% used [0x00000000d5b80000,0x00000000d5b80000,0x00000000d5c00000)
 ParOldGen       total 1111040K, used 857034K [0x0000000080000000, 0x00000000c3d00000, 0x00000000d5580000)
  object space 1111040K, 77% used [0x0000000080000000,0x00000000b44f2b68,0x00000000c3d00000)
 Metaspace       used 101802K, committed 103680K, reserved 1179648K
  class space    used 10245K, committed 11136K, reserved 1048576K
}
Event: 47913.409 GC heap after
{Heap after GC invocations=4988 (full 6):
 PSYoungGen      total 5632K, used 288K [0x00000000d5580000, 0x00000000d5c00000, 0x0000000100000000)
  eden space 5120K, 0% used [0x00000000d5580000,0x00000000d5580000,0x00000000d5a80000)
  from space 512K, 56% used [0x00000000d5b80000,0x00000000d5bc8000,0x00000000d5c00000)
  to   space 512K, 0% used [0x00000000d5b00000,0x00000000d5b00000,0x00000000d5b80000)
 ParOldGen       total 1111040K, used 857146K [0x0000000080000000, 0x00000000c3d00000, 0x00000000d5580000)
  object space 1111040K, 77% used [0x0000000080000000,0x00000000b450eb68,0x00000000c3d00000)
 Metaspace       used 101802K, committed 103680K, reserved 1179648K
  class space    used 10245K, committed 11136K, reserved 1048576K
}
Event: 47913.490 GC heap before
{Heap before GC invocations=4989 (full 6):
 PSYoungGen      total 5632K, used 5177K [0x00000000d5580000, 0x00000000d5c00000, 0x0000000100000000)
  eden space 5120K, 95% used [0x00000000d5580000,0x00000000d5a46638,0x00000000d5a80000)
  from space 512K, 56% used [0x00000000d5b80000,0x00000000d5bc8000,0x00000000d5c00000)
  to   space 512K, 0% used [0x00000000d5b00000,0x00000000d5b00000,0x00000000d5b80000)
 ParOldGen       total 1111040K, used 857146K [0x0000000080000000, 0x00000000c3d00000, 0x00000000d5580000)
  object space 1111040K, 77% used [0x0000000080000000,0x00000000b450eb68,0x00000000c3d00000)
 Metaspace       used 101804K, committed 103680K, reserved 1179648K
  class space    used 10245K, committed 11136K, reserved 1048576K
}
Event: 47913.495 GC heap after
{Heap after GC invocations=4989 (full 6):
 PSYoungGen      total 6144K, used 416K [0x00000000d5580000, 0x00000000d5c80000, 0x0000000100000000)
  eden space 5632K, 0% used [0x00000000d5580000,0x00000000d5580000,0x00000000d5b00000)
  from space 512K, 81% used [0x00000000d5b00000,0x00000000d5b68000,0x00000000d5b80000)
  to   space 512K, 0% used [0x00000000d5c00000,0x00000000d5c00000,0x00000000d5c80000)
 ParOldGen       total 1111040K, used 857290K [0x0000000080000000, 0x00000000c3d00000, 0x00000000d5580000)
  object space 1111040K, 77% used [0x0000000080000000,0x00000000b4532b68,0x00000000c3d00000)
 Metaspace       used 101804K, committed 103680K, reserved 1179648K
  class space    used 10245K, committed 11136K, reserved 1048576K
}
Event: 47913.528 GC heap before
{Heap before GC invocations=4990 (full 6):
 PSYoungGen      total 6144K, used 5456K [0x00000000d5580000, 0x00000000d5c80000, 0x0000000100000000)
  eden space 5632K, 89% used [0x00000000d5580000,0x00000000d5a6c3a8,0x00000000d5b00000)
  from space 512K, 81% used [0x00000000d5b00000,0x00000000d5b68000,0x00000000d5b80000)
  to   space 512K, 0% used [0x00000000d5c00000,0x00000000d5c00000,0x00000000d5c80000)
 ParOldGen       total 1111040K, used 857290K [0x0000000080000000, 0x00000000c3d00000, 0x00000000d5580000)
  object space 1111040K, 77% used [0x0000000080000000,0x00000000b4532b68,0x00000000c3d00000)
 Metaspace       used 101804K, committed 103680K, reserved 1179648K
  class space    used 10245K, committed 11136K, reserved 1048576K
}
Event: 47913.535 GC heap after
{Heap after GC invocations=4990 (full 6):
 PSYoungGen      total 6656K, used 448K [0x00000000d5580000, 0x00000000d5d80000, 0x0000000100000000)
  eden space 6144K, 0% used [0x00000000d5580000,0x00000000d5580000,0x00000000d5b80000)
  from space 512K, 87% used [0x00000000d5c00000,0x00000000d5c70000,0x00000000d5c80000)
  to   space 512K, 0% used [0x00000000d5b80000,0x00000000d5b80000,0x00000000d5c00000)
 ParOldGen       total 1111040K, used 857522K [0x0000000080000000, 0x00000000c3d00000, 0x00000000d5580000)
  object space 1111040K, 77% used [0x0000000080000000,0x00000000b456cb68,0x00000000c3d00000)
 Metaspace       used 101804K, committed 103680K, reserved 1179648K
  class space    used 10245K, committed 11136K, reserved 1048576K
}
Event: 47913.583 GC heap before
{Heap before GC invocations=4991 (full 6):
 PSYoungGen      total 6656K, used 6221K [0x00000000d5580000, 0x00000000d5d80000, 0x0000000100000000)
  eden space 6144K, 93% used [0x00000000d5580000,0x00000000d5b23590,0x00000000d5b80000)
  from space 512K, 87% used [0x00000000d5c00000,0x00000000d5c70000,0x00000000d5c80000)
  to   space 512K, 0% used [0x00000000d5b80000,0x00000000d5b80000,0x00000000d5c00000)
 ParOldGen       total 1111040K, used 857522K [0x0000000080000000, 0x00000000c3d00000, 0x00000000d5580000)
  object space 1111040K, 77% used [0x0000000080000000,0x00000000b456cb68,0x00000000c3d00000)
 Metaspace       used 101804K, committed 103680K, reserved 1179648K
  class space    used 10245K, committed 11136K, reserved 1048576K
}
Event: 47913.591 GC heap after
{Heap after GC invocations=4991 (full 6):
 PSYoungGen      total 6656K, used 416K [0x00000000d5580000, 0x00000000d5e00000, 0x0000000100000000)
  eden space 6144K, 0% used [0x00000000d5580000,0x00000000d5580000,0x00000000d5b80000)
  from space 512K, 81% used [0x00000000d5b80000,0x00000000d5be8000,0x00000000d5c00000)
  to   space 512K, 0% used [0x00000000d5d80000,0x00000000d5d80000,0x00000000d5e00000)
 ParOldGen       total 1111040K, used 857802K [0x0000000080000000, 0x00000000c3d00000, 0x00000000d5580000)
  object space 1111040K, 77% used [0x0000000080000000,0x00000000b45b2b68,0x00000000c3d00000)
 Metaspace       used 101804K, committed 103680K, reserved 1179648K
  class space    used 10245K, committed 11136K, reserved 1048576K
}
Event: 47913.625 GC heap before
{Heap before GC invocations=4992 (full 6):
 PSYoungGen      total 6656K, used 5951K [0x00000000d5580000, 0x00000000d5e00000, 0x0000000100000000)
  eden space 6144K, 90% used [0x00000000d5580000,0x00000000d5ae7f98,0x00000000d5b80000)
  from space 512K, 81% used [0x00000000d5b80000,0x00000000d5be8000,0x00000000d5c00000)
  to   space 512K, 0% used [0x00000000d5d80000,0x00000000d5d80000,0x00000000d5e00000)
 ParOldGen       total 1111040K, used 857802K [0x0000000080000000, 0x00000000c3d00000, 0x00000000d5580000)
  object space 1111040K, 77% used [0x0000000080000000,0x00000000b45b2b68,0x00000000c3d00000)
 Metaspace       used 101804K, committed 103680K, reserved 1179648K
  class space    used 10245K, committed 11136K, reserved 1048576K
}
Event: 47913.633 GC heap after
{Heap after GC invocations=4992 (full 6):
 PSYoungGen      total 8192K, used 384K [0x00000000d5580000, 0x00000000d5e00000, 0x0000000100000000)
  eden space 7680K, 0% used [0x00000000d5580000,0x00000000d5580000,0x00000000d5d00000)
  from space 512K, 75% used [0x00000000d5d80000,0x00000000d5de0000,0x00000000d5e00000)
  to   space 512K, 0% used [0x00000000d5d00000,0x00000000d5d00000,0x00000000d5d80000)
 ParOldGen       total 1111040K, used 858042K [0x0000000080000000, 0x00000000c3d00000, 0x00000000d5580000)
  object space 1111040K, 77% used [0x0000000080000000,0x00000000b45eeb68,0x00000000c3d00000)
 Metaspace       used 101804K, committed 103680K, reserved 1179648K
  class space    used 10245K, committed 11136K, reserved 1048576K
}
Event: 47913.708 GC heap before
{Heap before GC invocations=4993 (full 6):
 PSYoungGen      total 8192K, used 7761K [0x00000000d5580000, 0x00000000d5e00000, 0x0000000100000000)
  eden space 7680K, 96% used [0x00000000d5580000,0x00000000d5cb45c8,0x00000000d5d00000)
  from space 512K, 75% used [0x00000000d5d80000,0x00000000d5de0000,0x00000000d5e00000)
  to   space 512K, 0% used [0x00000000d5d00000,0x00000000d5d00000,0x00000000d5d80000)
 ParOldGen       total 1111040K, used 858797K [0x0000000080000000, 0x00000000c3d00000, 0x00000000d5580000)
  object space 1111040K, 77% used [0x0000000080000000,0x00000000b46ab690,0x00000000c3d00000)
 Metaspace       used 101804K, committed 103680K, reserved 1179648K
  class space    used 10245K, committed 11136K, reserved 1048576K
}
Event: 47913.717 GC heap after
{Heap after GC invocations=4993 (full 6):
 PSYoungGen      total 8192K, used 496K [0x00000000d5580000, 0x00000000d5f00000, 0x0000000100000000)
  eden space 7680K, 0% used [0x00000000d5580000,0x00000000d5580000,0x00000000d5d00000)
  from space 512K, 96% used [0x00000000d5d00000,0x00000000d5d7c000,0x00000000d5d80000)
  to   space 1024K, 0% used [0x00000000d5e00000,0x00000000d5e00000,0x00000000d5f00000)
 ParOldGen       total 1111040K, used 859086K [0x0000000080000000, 0x00000000c3d00000, 0x00000000d5580000)
  object space 1111040K, 77% used [0x0000000080000000,0x00000000b46f39a0,0x00000000c3d00000)
 Metaspace       used 101804K, committed 103680K, reserved 1179648K
  class space    used 10245K, committed 11136K, reserved 1048576K
}
Event: 47913.795 GC heap before
{Heap before GC invocations=4994 (full 6):
 PSYoungGen      total 8192K, used 8176K [0x00000000d5580000, 0x00000000d5f00000, 0x0000000100000000)
  eden space 7680K, 100% used [0x00000000d5580000,0x00000000d5d00000,0x00000000d5d00000)
  from space 512K, 96% used [0x00000000d5d00000,0x00000000d5d7c000,0x00000000d5d80000)
  to   space 1024K, 0% used [0x00000000d5e00000,0x00000000d5e00000,0x00000000d5f00000)
 ParOldGen       total 1111040K, used 859896K [0x0000000080000000, 0x00000000c3d00000, 0x00000000d5580000)
  object space 1111040K, 77% used [0x0000000080000000,0x00000000b47be060,0x00000000c3d00000)
 Metaspace       used 101804K, committed 103680K, reserved 1179648K
  class space    used 10245K, committed 11136K, reserved 1048576K
}
Event: 47913.803 GC heap after
{Heap after GC invocations=4994 (full 6):
 PSYoungGen      total 8192K, used 320K [0x00000000d5580000, 0x00000000d5e80000, 0x0000000100000000)
  eden space 7680K, 0% used [0x00000000d5580000,0x00000000d5580000,0x00000000d5d00000)
  from space 512K, 62% used [0x00000000d5e00000,0x00000000d5e50000,0x00000000d5e80000)
  to   space 512K, 0% used [0x00000000d5d00000,0x00000000d5d00000,0x00000000d5d80000)
 ParOldGen       total 1111040K, used 860265K [0x0000000080000000, 0x00000000c3d00000, 0x00000000d5580000)
  object space 1111040K, 77% used [0x0000000080000000,0x00000000b481a680,0x00000000c3d00000)
 Metaspace       used 101804K, committed 103680K, reserved 1179648K
  class space    used 10245K, committed 11136K, reserved 1048576K
}
Event: 48355.366 GC heap before
{Heap before GC invocations=4995 (full 6):
 PSYoungGen      total 8192K, used 8000K [0x00000000d5580000, 0x00000000d5e80000, 0x0000000100000000)
  eden space 7680K, 100% used [0x00000000d5580000,0x00000000d5d00000,0x00000000d5d00000)
  from space 512K, 62% used [0x00000000d5e00000,0x00000000d5e50000,0x00000000d5e80000)
  to   space 512K, 0% used [0x00000000d5d00000,0x00000000d5d00000,0x00000000d5d80000)
 ParOldGen       total 1111040K, used 860265K [0x0000000080000000, 0x00000000c3d00000, 0x00000000d5580000)
  object space 1111040K, 77% used [0x0000000080000000,0x00000000b481a680,0x00000000c3d00000)
 Metaspace       used 101808K, committed 103744K, reserved 1179648K
  class space    used 10245K, committed 11136K, reserved 1048576K
}
Event: 48356.231 GC heap after
{Heap after GC invocations=4995 (full 6):
 PSYoungGen      total 8192K, used 288K [0x00000000d5580000, 0x00000000d5e80000, 0x0000000100000000)
  eden space 7680K, 0% used [0x00000000d5580000,0x00000000d5580000,0x00000000d5d00000)
  from space 512K, 56% used [0x00000000d5d00000,0x00000000d5d48000,0x00000000d5d80000)
  to   space 512K, 0% used [0x00000000d5e00000,0x00000000d5e00000,0x00000000d5e80000)
 ParOldGen       total 1111040K, used 860385K [0x0000000080000000, 0x00000000c3d00000, 0x00000000d5580000)
  object space 1111040K, 77% used [0x0000000080000000,0x00000000b4838680,0x00000000c3d00000)
 Metaspace       used 101808K, committed 103744K, reserved 1179648K
  class space    used 10245K, committed 11136K, reserved 1048576K
}

